<?xml version="1.0" encoding="UTF-8"?>
<testng-results skipped="0" failed="0" ignored="0" total="1" passed="1">
  <reporter-output>
  </reporter-output>
  <suite name="Default suite" duration-ms="9061" started-at="2019-10-29T19:37:56Z" finished-at="2019-10-29T19:38:05Z">
    <groups>
    </groups>
    <test name="Default test" duration-ms="9061" started-at="2019-10-29T19:37:56Z" finished-at="2019-10-29T19:38:05Z">
      <class name="Jenkins.Test.testNG_OpenBrowser">
        <test-method status="PASS" signature="beforeTest()[pri:0, instance:Jenkins.Test.testNG_OpenBrowser@5bfbf16f]" name="beforeTest" is-config="true" duration-ms="3046" started-at="2019-10-29T19:37:56Z" finished-at="2019-10-29T19:37:59Z">
          <reporter-output>
          </reporter-output>
        </test-method> <!-- beforeTest -->
        <test-method status="PASS" signature="testEasy()[pri:0, instance:Jenkins.Test.testNG_OpenBrowser@5bfbf16f]" name="testEasy" duration-ms="4874" started-at="2019-10-29T19:37:59Z" finished-at="2019-10-29T19:38:04Z">
          <reporter-output>
          </reporter-output>
        </test-method> <!-- testEasy -->
        <test-method status="PASS" signature="afterTest()[pri:0, instance:Jenkins.Test.testNG_OpenBrowser@5bfbf16f]" name="afterTest" is-config="true" duration-ms="1127" started-at="2019-10-29T19:38:04Z" finished-at="2019-10-29T19:38:05Z">
          <reporter-output>
          </reporter-output>
        </test-method> <!-- afterTest -->
      </class> <!-- Jenkins.Test.testNG_OpenBrowser -->
    </test> <!-- Default test -->
  </suite> <!-- Default suite -->
</testng-results>
